2026-03-05 08:16:42,886 [INFO] ============================================================
2026-03-05 08:16:42,886 [INFO] Daily Betting Analysis Pipeline — START
2026-03-05 08:16:42,886 [INFO] Date: 2026-03-05 08:16:42
2026-03-05 08:16:42,886 [INFO] ============================================================
2026-03-05 08:16:42,886 [INFO] [1/4] Checking model staleness...
2026-03-05 08:16:44,296 [INFO] Model age: 0.0 days (stale threshold: 7d) → FRESH
2026-03-05 08:16:44,297 [INFO] [1/4] Model is fresh — skipping retrain
2026-03-05 08:16:44,297 [INFO] [2/4] Running daily predictions...
2026-03-05 08:16:44,297 [INFO] Running daily NBA predictions...
2026-03-05 08:17:00,671 [INFO] Predictions: 9 game(s) found
2026-03-05 08:17:00,671 [INFO] [3/4] Running value bet finder...
2026-03-05 08:17:00,671 [INFO] Running betting brain value finder...
2026-03-05 08:17:02,588 [INFO] Value finder: 0 pick(s) identified
2026-03-05 08:17:02,588 [INFO] [4/4] Running EV/arb scan...
2026-03-05 08:17:02,588 [INFO] Running sportsbook EV scan...
2026-03-05 08:17:02,728 [INFO] EV scan: 0 opportunity(ies) found
2026-03-05 08:17:02,729 [INFO] Compiling summary...
2026-03-05 08:17:02,729 [INFO] Sending to Slack...
2026-03-05 08:17:02,729 [INFO] Sending summary to Slack channel C0AFE4QHKH7...
2026-03-05 08:17:03,496 [INFO] Slack response: Message sent to Slack (200)
2026-03-05 08:17:03,497 [INFO] Report saved to /root/openclaw/data/betting/daily_reports/2026-03-05.json
2026-03-05 08:17:03,498 [INFO] ============================================================
2026-03-05 08:17:03,498 [INFO] Pipeline COMPLETE in 19.8s
2026-03-05 08:17:03,498 [INFO] Slack: ✅ sent
2026-03-05 08:17:03,498 [INFO] Report: /root/openclaw/data/betting/daily_reports/2026-03-05.json
2026-03-05 08:17:03,498 [INFO] ============================================================
2026-03-05 08:17:30,134 [INFO] ============================================================
2026-03-05 08:17:30,134 [INFO] Daily Betting Analysis Pipeline — START
2026-03-05 08:17:30,134 [INFO] Date: 2026-03-05 08:17:30
2026-03-05 08:17:30,134 [INFO] ============================================================
2026-03-05 08:17:30,134 [INFO] [1/4] Checking model staleness...
2026-03-05 08:17:31,638 [INFO] Model age: 0.0 days (stale threshold: 7d) → FRESH
2026-03-05 08:17:31,639 [INFO] [1/4] Model is fresh — skipping retrain
2026-03-05 08:17:31,639 [INFO] [2/4] Running daily predictions...
2026-03-05 08:17:31,639 [INFO] Running daily NBA predictions...
2026-03-05 08:17:46,108 [INFO] Predictions: 9 game(s) found
2026-03-05 08:17:46,108 [INFO] [3/4] Running value bet finder...
2026-03-05 08:17:46,108 [INFO] Running betting brain value finder...
2026-03-05 08:17:47,549 [INFO] Value finder: 0 pick(s) identified
2026-03-05 08:17:47,549 [INFO] [4/4] Running EV/arb scan...
2026-03-05 08:17:47,549 [INFO] Running sportsbook EV scan...
2026-03-05 08:17:47,682 [INFO] EV scan: 0 opportunity(ies) found
2026-03-05 08:17:47,682 [INFO] Compiling summary...
2026-03-05 08:17:47,682 [INFO] Sending to Slack...
2026-03-05 08:17:47,682 [INFO] Sending summary to Slack channel C0AFE4QHKH7...
2026-03-05 08:17:48,434 [INFO] Slack response: Message sent to Slack (200)
2026-03-05 08:17:48,435 [INFO] Report saved to /root/openclaw/data/betting/daily_reports/2026-03-05.json
2026-03-05 08:17:48,435 [INFO] ============================================================
2026-03-05 08:17:48,435 [INFO] Pipeline COMPLETE in 17.5s
2026-03-05 08:17:48,435 [INFO] Slack: ✅ sent
2026-03-05 08:17:48,435 [INFO] Report: /root/openclaw/data/betting/daily_reports/2026-03-05.json
2026-03-05 08:17:48,435 [INFO] ============================================================
2026-03-05 08:18:08,774 [INFO] --force-retrain flag set: overriding staleness check
2026-03-05 08:18:08,774 [INFO] --dry-run flag set: Slack send will be skipped
2026-03-05 08:18:08,774 [INFO] ============================================================
2026-03-05 08:18:08,774 [INFO] Daily Betting Analysis Pipeline — START
2026-03-05 08:18:08,774 [INFO] Date: 2026-03-05 08:18:08
2026-03-05 08:18:08,774 [INFO] ============================================================
2026-03-05 08:18:08,774 [INFO] [1/4] Checking model staleness...
2026-03-05 08:18:10,182 [INFO] Model age: 0.0 days (stale threshold: 7d) → FRESH
2026-03-05 08:18:10,183 [INFO] [1/4] Model is stale (force_retrain) — retraining...
2026-03-05 08:18:10,183 [INFO] Retraining nba XGBoost model...
2026-03-05 08:18:10,693 [INFO] Retrain complete: OK
2026-03-05 08:18:10,693 [INFO] [2/4] Running daily predictions...
2026-03-05 08:18:10,693 [INFO] Running daily NBA predictions...
2026-03-05 08:18:25,167 [INFO] Predictions: 9 game(s) found
2026-03-05 08:18:25,167 [INFO] [3/4] Running value bet finder...
2026-03-05 08:18:25,168 [INFO] Running betting brain value finder...
2026-03-05 08:18:26,889 [INFO] Value finder: 0 pick(s) identified
2026-03-05 08:18:26,889 [INFO] [4/4] Running EV/arb scan...
2026-03-05 08:18:26,889 [INFO] Running sportsbook EV scan...
2026-03-05 08:18:27,022 [INFO] EV scan: 0 opportunity(ies) found
2026-03-05 08:18:27,022 [INFO] Compiling summary...
2026-03-05 08:18:27,022 [INFO] Sending to Slack...
2026-03-05 08:18:27,023 [INFO] Report saved to /root/openclaw/data/betting/daily_reports/2026-03-05.json
2026-03-05 08:18:27,023 [INFO] ============================================================
2026-03-05 08:18:27,023 [INFO] Pipeline COMPLETE in 18.2s
2026-03-05 08:18:27,023 [INFO] Slack: ✅ sent
2026-03-05 08:18:27,023 [INFO] Report: /root/openclaw/data/betting/daily_reports/2026-03-05.json
2026-03-05 08:18:27,023 [INFO] ============================================================
