[2026-03-04 19:00:01 UTC] Health check started
[2026-03-04 19:00:01 UTC] Gateway: OK
[2026-03-04 19:00:01 UTC] Gateway HTTP: OK (200)
[2026-03-04 19:00:01 UTC] Health check completed
[2026-03-04 20:00:01 UTC] Health check started
[2026-03-04 20:00:01 UTC] Gateway: OK
[2026-03-04 20:00:01 UTC] Gateway HTTP: OK (200)
[2026-03-04 20:00:01 UTC] Health check completed
[2026-03-04 21:00:01 UTC] Health check started
[2026-03-04 21:00:01 UTC] Gateway: OK
[2026-03-04 21:00:01 UTC] Gateway HTTP: OK (200)
[2026-03-04 21:00:01 UTC] Health check completed
[2026-03-04 22:00:01 UTC] Health check started
[2026-03-04 22:00:01 UTC] Gateway: OK
[2026-03-04 22:00:01 UTC] Gateway HTTP: OK (200)
[2026-03-04 22:00:01 UTC] Health check completed
[2026-03-04 23:00:01 UTC] Health check started
[2026-03-04 23:00:01 UTC] Gateway: OK
[2026-03-04 23:00:01 UTC] Gateway HTTP: OK (200)
[2026-03-04 23:00:01 UTC] Health check completed
[2026-03-05 00:00:01 UTC] Health check started
[2026-03-05 00:00:01 UTC] Gateway: OK
[2026-03-05 00:00:01 UTC] Gateway HTTP: OK (200)
[2026-03-05 00:00:01 UTC] Health check completed
[2026-03-05 01:00:01 UTC] Health check started
[2026-03-05 01:00:01 UTC] Gateway: OK
[2026-03-05 01:00:01 UTC] Gateway HTTP: OK (200)
[2026-03-05 01:00:01 UTC] Health check completed
[2026-03-05 02:00:01 UTC] Health check started
[2026-03-05 02:00:01 UTC] Gateway: OK
[2026-03-05 02:00:01 UTC] Gateway HTTP: OK (200)
[2026-03-05 02:00:01 UTC] Health check completed
[2026-03-05 03:00:01 UTC] Health check started
[2026-03-05 03:00:01 UTC] Gateway: OK
[2026-03-05 03:00:01 UTC] Gateway HTTP: OK (200)
[2026-03-05 03:00:01 UTC] Health check completed
[2026-03-05 04:00:01 UTC] Health check started
[2026-03-05 04:00:01 UTC] Gateway: OK
[2026-03-05 04:00:01 UTC] Gateway HTTP: OK (200)
[2026-03-05 04:00:01 UTC] Health check completed
[2026-03-05 05:00:01 UTC] Health check started
[2026-03-05 05:00:01 UTC] Gateway: OK
[2026-03-05 05:00:01 UTC] Gateway HTTP: OK (200)
[2026-03-05 05:00:01 UTC] Health check completed
[2026-03-05 06:00:01 UTC] Health check started
[2026-03-05 06:00:01 UTC] Gateway: OK
[2026-03-05 06:00:01 UTC] Gateway HTTP: OK (200)
[2026-03-05 06:00:01 UTC] Health check completed
[2026-03-05 07:00:01 UTC] Health check started
[2026-03-05 07:00:01 UTC] Gateway: OK
[2026-03-05 07:00:01 UTC] Gateway HTTP: OK (200)
[2026-03-05 07:00:01 UTC] Health check completed
[2026-03-05 08:00:01 UTC] Health check started
[2026-03-05 08:00:01 UTC] Gateway: OK
[2026-03-05 08:00:01 UTC] Gateway HTTP: OK (200)
[2026-03-05 08:00:01 UTC] Health check completed
[2026-03-05 09:00:01 UTC] Health check started
[2026-03-05 09:00:01 UTC] Gateway: OK
[2026-03-05 09:00:01 UTC] Gateway HTTP: OK (200)
[2026-03-05 09:00:01 UTC] Health check completed
[2026-03-05 10:00:01 UTC] Health check started
[2026-03-05 10:00:01 UTC] Gateway: OK
[2026-03-05 10:00:01 UTC] Gateway HTTP: OK (200)
[2026-03-05 10:00:01 UTC] Health check completed
[2026-03-05 11:00:01 UTC] Health check started
[2026-03-05 11:00:01 UTC] Gateway: OK
[2026-03-05 11:00:01 UTC] Gateway HTTP: OK (200)
[2026-03-05 11:00:01 UTC] Health check completed
[2026-03-05 12:00:01 UTC] Health check started
[2026-03-05 12:00:01 UTC] Gateway: OK
[2026-03-05 12:00:01 UTC] Gateway HTTP: OK (200)
[2026-03-05 12:00:01 UTC] Health check completed
[2026-03-05 13:00:01 UTC] Health check started
[2026-03-05 13:00:01 UTC] Gateway: OK
[2026-03-05 13:00:01 UTC] Gateway HTTP: OK (200)
[2026-03-05 13:00:01 UTC] Health check completed
[2026-03-05 14:00:02 UTC] Health check started
[2026-03-05 14:00:02 UTC] Gateway: OK
[2026-03-05 14:00:02 UTC] Gateway HTTP: OK (200)
[2026-03-05 14:00:02 UTC] Health check completed
[2026-03-05 15:00:01 UTC] Health check started
[2026-03-05 15:00:01 UTC] Gateway: OK
[2026-03-05 15:00:01 UTC] Gateway HTTP: OK (200)
[2026-03-05 15:00:01 UTC] Health check completed
[2026-03-05 16:00:01 UTC] Health check started
[2026-03-05 16:00:01 UTC] Gateway: OK
[2026-03-05 16:00:01 UTC] Gateway HTTP: OK (200)
[2026-03-05 16:00:01 UTC] Health check completed
[2026-03-05 17:00:01 UTC] Health check started
[2026-03-05 17:00:01 UTC] Gateway: OK
[2026-03-05 17:00:01 UTC] Gateway HTTP: OK (200)
[2026-03-05 17:00:01 UTC] Health check completed
[2026-03-05 18:00:01 UTC] Health check started
[2026-03-05 18:00:01 UTC] ALERT: Gateway is DOWN — restarting
[2026-03-05 18:00:01 UTC] Gateway restarted successfully
[2026-03-05 18:00:01 UTC] Gateway HTTP: OK (200)
[2026-03-05 18:00:01 UTC] Health check completed
